[debug] [2020-12-17T06:03:38.042Z] ----------------------------------------------------------------------
[debug] [2020-12-17T06:03:38.046Z] Command:       /usr/bin/node /usr/local/bin/firebase deploy
[debug] [2020-12-17T06:03:38.046Z] CLI Version:   8.17.0
[debug] [2020-12-17T06:03:38.046Z] Platform:      linux
[debug] [2020-12-17T06:03:38.047Z] Node Version:  v10.19.0
[debug] [2020-12-17T06:03:38.049Z] Time:          Thu Dec 17 2020 13:03:38 GMT+0700 (Indochina Time)
[debug] [2020-12-17T06:03:38.049Z] ----------------------------------------------------------------------
[debug] [2020-12-17T06:03:38.049Z] 
[debug] [2020-12-17T06:03:38.064Z] > command requires scopes: ["email","openid","https://www.googleapis.com/auth/cloudplatformprojects.readonly","https://www.googleapis.com/auth/firebase","https://www.googleapis.com/auth/cloud-platform"]
[debug] [2020-12-17T06:03:38.066Z] > authorizing via signed-in user
[debug] [2020-12-17T06:03:38.066Z] [iam] checking project tokokelontonkqu for permissions ["firebase.projects.get","firebasehosting.sites.update"]
[debug] [2020-12-17T06:03:38.072Z] >>> HTTP REQUEST POST https://cloudresourcemanager.googleapis.com/v1/projects/tokokelontonkqu:testIamPermissions  
 {"permissions":["firebase.projects.get","firebasehosting.sites.update"]}
[debug] [2020-12-17T06:03:39.297Z] <<< HTTP RESPONSE 200 {"content-type":"application/json; charset=UTF-8","vary":"X-Origin, Referer, Origin,Accept-Encoding","date":"Thu, 17 Dec 2020 06:03:39 GMT","server":"ESF","cache-control":"private","x-xss-protection":"0","x-frame-options":"SAMEORIGIN","x-content-type-options":"nosniff","server-timing":"gfet4t7; dur=1025","alt-svc":"h3-29=\":443\"; ma=2592000,h3-T051=\":443\"; ma=2592000,h3-Q050=\":443\"; ma=2592000,h3-Q046=\":443\"; ma=2592000,h3-Q043=\":443\"; ma=2592000,quic=\":443\"; ma=2592000; v=\"46,43\"","accept-ranges":"none","transfer-encoding":"chunked"}
[debug] [2020-12-17T06:03:39.306Z] >>> HTTP REQUEST GET https://firebase.googleapis.com/v1beta1/projects/tokokelontonkqu  
 
[debug] [2020-12-17T06:03:39.821Z] <<< HTTP RESPONSE 200 {"content-type":"application/json; charset=UTF-8","vary":"X-Origin, Referer, Origin,Accept-Encoding","date":"Thu, 17 Dec 2020 06:03:40 GMT","server":"ESF","cache-control":"private","x-xss-protection":"0","x-frame-options":"SAMEORIGIN","x-content-type-options":"nosniff","alt-svc":"h3-29=\":443\"; ma=2592000,h3-T051=\":443\"; ma=2592000,h3-Q050=\":443\"; ma=2592000,h3-Q046=\":443\"; ma=2592000,h3-Q043=\":443\"; ma=2592000,quic=\":443\"; ma=2592000; v=\"46,43\"","accept-ranges":"none","transfer-encoding":"chunked"}
[info] 
[info] === Deploying to 'tokokelontonkqu'...
[info] 
[info] i  deploying hosting 
[debug] [2020-12-17T06:03:39.891Z] >>> HTTP REQUEST POST https://firebasehosting.googleapis.com/v1beta1/sites/tokokelontonkqu/versions  
 {"config":{"rewrites":[{"glob":"**","path":"/index.html"}]},"labels":{"deployment-tool":"cli-firebase"}}
